c:\users\powerzaba\desktop\graphics_cw\g53gra_framework\g53gra.framework\g53gra.framework\debug\vc142.pdb
c:\users\powerzaba\desktop\graphics_cw\g53gra_framework\g53gra.framework\g53gra.framework\debug\vc142.idb
c:\users\powerzaba\desktop\graphics_cw\g53gra_framework\g53gra.framework\g53gra.framework\debug\spherecoating.obj
c:\users\powerzaba\desktop\graphics_cw\g53gra_framework\g53gra.framework\g53gra.framework\debug\monument.obj
c:\users\powerzaba\desktop\graphics_cw\g53gra_framework\g53gra.framework\g53gra.framework\debug\sunandmoon.obj
c:\users\powerzaba\desktop\graphics_cw\g53gra_framework\g53gra.framework\g53gra.framework\debug\giantsword.obj
c:\users\powerzaba\desktop\graphics_cw\g53gra_framework\g53gra.framework\g53gra.framework\debug\skybox.obj
c:\users\powerzaba\desktop\graphics_cw\g53gra_framework\g53gra.framework\g53gra.framework\debug\randomsurface.obj
c:\users\powerzaba\desktop\graphics_cw\g53gra_framework\g53gra.framework\g53gra.framework\debug\statue.obj
c:\users\powerzaba\desktop\graphics_cw\g53gra_framework\g53gra.framework\g53gra.framework\debug\texturedsphere.obj
c:\users\powerzaba\desktop\graphics_cw\g53gra_framework\g53gra.framework\g53gra.framework\debug\texturedcylinder.obj
c:\users\powerzaba\desktop\graphics_cw\g53gra_framework\g53gra.framework\g53gra.framework\debug\texturedcube.obj
c:\users\powerzaba\desktop\graphics_cw\g53gra_framework\g53gra.framework\g53gra.framework\debug\texture.obj
c:\users\powerzaba\desktop\graphics_cw\g53gra_framework\g53gra.framework\g53gra.framework\debug\camera.obj
c:\users\powerzaba\desktop\graphics_cw\g53gra_framework\g53gra.framework\g53gra.framework\debug\scene.obj
c:\users\powerzaba\desktop\graphics_cw\g53gra_framework\g53gra.framework\g53gra.framework\debug\engine.obj
c:\users\powerzaba\desktop\graphics_cw\g53gra_framework\g53gra.framework\g53gra.framework\debug\myscene.obj
c:\users\powerzaba\desktop\graphics_cw\g53gra_framework\g53gra.framework\g53gra.framework\debug\main.obj
c:\users\powerzaba\desktop\graphics_cw\g53gra_framework\g53gra.framework\debug\g53gra.framework.ilk
c:\users\powerzaba\desktop\graphics_cw\g53gra_framework\g53gra.framework\debug\g53gra.framework.exe
c:\users\powerzaba\desktop\graphics_cw\g53gra_framework\g53gra.framework\debug\g53gra.framework.pdb
c:\users\powerzaba\desktop\graphics_cw\g53gra_framework\g53gra.framework\g53gra.framework\debug\g53gra.framework.tlog\cl.command.1.tlog
c:\users\powerzaba\desktop\graphics_cw\g53gra_framework\g53gra.framework\g53gra.framework\debug\g53gra.framework.tlog\cl.read.1.tlog
c:\users\powerzaba\desktop\graphics_cw\g53gra_framework\g53gra.framework\g53gra.framework\debug\g53gra.framework.tlog\cl.write.1.tlog
c:\users\powerzaba\desktop\graphics_cw\g53gra_framework\g53gra.framework\g53gra.framework\debug\g53gra.framework.tlog\link.command.1.tlog
c:\users\powerzaba\desktop\graphics_cw\g53gra_framework\g53gra.framework\g53gra.framework\debug\g53gra.framework.tlog\link.read.1.tlog
c:\users\powerzaba\desktop\graphics_cw\g53gra_framework\g53gra.framework\g53gra.framework\debug\g53gra.framework.tlog\link.write.1.tlog
